# Logfile created on 2016-10-14 21:28:21 +0200 by logger.rb/47272
I, [2016-10-14T21:28:21.824052 #14758]  INFO -- : Starting with file '/data/oc/oc/dokumenter/work/2016-bernd_cramer//20160902-wwk-rec-57261149-privathaftpflichtversicherung.pdf'.
I, [2016-10-14T21:28:23.082261 #14758]  INFO -- : Starting with file '/data/oc/oc/dokumenter/work/2016-bernd_cramer//20160829-roos_daniel-anschreiben_ewe.pdf'.
I, [2016-10-14T21:28:23.334543 #14758]  INFO -- : Starting with file '/data/oc/oc/dokumenter/work/2016-bernd_cramer//20160901-landessparkasse_zu_oldenburg-inf-kontoauzuge-bernd-cramer.pdf'.
I, [2016-10-14T21:28:23.616631 #14758]  INFO -- : Starting with file '/data/oc/oc/dokumenter/work/2016-bernd_cramer//20160903-daniel_roos-doc-_nachsendeauftrag_citipost_layout_1_bernd_cramer-citipost.pdf'.
I, [2016-10-14T21:28:23.874833 #14758]  INFO -- : Starting with file '/data/oc/oc/dokumenter/work/2016-bernd_cramer//20160830-rettungsdienst_ammerland_gmbh-rec-1601013732-notfallrettung-bernd.pdf'.
I, [2016-10-14T21:28:24.146983 #14758]  INFO -- : Starting with file '/data/oc/oc/dokumenter/work/2016-bernd_cramer//20160831-volksbank_westerstede_eg-doc-kontoauszug_bernd_cramer.pdf'.
I, [2016-10-14T21:28:24.378381 #14758]  INFO -- : Starting with file '/data/oc/oc/dokumenter/work/2016-bernd_cramer//Kundenspiegel_Bernd_Cramer.pdf'.
I, [2016-10-14T21:28:24.615458 #14758]  INFO -- : Starting with file '/data/oc/oc/dokumenter/work/2016-bernd_cramer//20160905-institut_fur_pathologie-rec-e06568016-untersuchung.pdf'.
I, [2016-10-14T21:28:24.845242 #14758]  INFO -- : Starting with file '/data/oc/oc/dokumenter/work/2016-bernd_cramer//20160831-volksbank_westerstede_eg-doc-kontoauszug_bernd_cramer-einzeln.pdf'.
I, [2016-10-14T21:28:25.105187 #14758]  INFO -- : Starting with file '/data/oc/oc/dokumenter/work/2016-bernd_cramer//20160927-amtsgericht_westerstede-inf-eintragung_grundbuch-12456_4-am_maisfeld_5.pdf'.
I, [2016-10-14T21:28:25.349380 #14758]  INFO -- : Starting with file '/data/oc/oc/dokumenter/work/2016-bernd_cramer//20160908-daniel_roos-doc-bestatigung_erbschein-bernd_cramer-signed.pdf'.
I, [2016-10-14T21:28:35.118732 #14839]  INFO -- : Starting with file '/data/oc/oc/dokumenter/work/2016-bernd_cramer//concordia_service_buro/20120116-concordia_service_buro-doc-bekreftelse_dokumenter.pdf'.
I, [2016-10-14T21:28:35.431919 #14839]  INFO -- : Starting with file '/data/oc/oc/dokumenter/work/2016-bernd_cramer//20160902-wwk-rec-57261149-privathaftpflichtversicherung.pdf'.
I, [2016-10-14T21:28:35.646536 #14839]  INFO -- : Starting with file '/data/oc/oc/dokumenter/work/2016-bernd_cramer//20160829-roos_daniel-anschreiben_ewe.pdf'.
I, [2016-10-14T21:28:35.842044 #14839]  INFO -- : Starting with file '/data/oc/oc/dokumenter/work/2016-bernd_cramer//20160901-landessparkasse_zu_oldenburg-inf-kontoauzuge-bernd-cramer.pdf'.
I, [2016-10-14T21:28:36.052185 #14839]  INFO -- : Starting with file '/data/oc/oc/dokumenter/work/2016-bernd_cramer//volksbank_westerstede_eg/20150115-volksbank_westerstede_eg-avt-online_banking-bernd-cramer.pdf'.
I, [2016-10-14T21:28:36.389699 #14839]  INFO -- : Starting with file '/data/oc/oc/dokumenter/work/2016-bernd_cramer//volksbank_westerstede_eg/20160921-volksbank_westerstede_eg-doc-kontoauszug_12135501-bernd_cramer.pdf'.
I, [2016-10-14T21:28:36.939140 #14839]  INFO -- : Starting with file '/data/oc/oc/dokumenter/work/2016-bernd_cramer//volksbank_westerstede_eg/20160919-volksbank_westerstede_eg-inf-geschaftsguthaben-bernd_cramer-mitgliedsnummer_3667.pdf'.
I, [2016-10-14T21:28:37.243788 #14839]  INFO -- : Starting with file '/data/oc/oc/dokumenter/work/2016-bernd_cramer//volksbank_westerstede_eg/20160810-volksbank_westerstede_eg-inf-wohngebaudeversicherung-versicherungsnummer_53084312.pdf'.
I, [2016-10-14T21:28:37.478808 #14839]  INFO -- : Starting with file '/data/oc/oc/dokumenter/work/2016-bernd_cramer//fachubergreifende_gemeinschaftspraxis_dr_med_j_springub_w_schwarz/20160229-fachubergreifende_gemeinschaftspraxis_dr_med_j_springub_w_schwarz-rec-13456-bernd-cramer.pdf'.
I, [2016-10-14T21:28:37.758684 #14839]  INFO -- : Starting with file '/data/oc/oc/dokumenter/work/2016-bernd_cramer//fachubergreifende_gemeinschaftspraxis_dr_med_j_springub_w_schwarz/20160201-fachubergreifende_gemeinschaftspraxis_dr_med_j_springub_w_schwarz-rec-13352-bernd_cramer.pdf'.
I, [2016-10-14T21:28:38.037351 #14839]  INFO -- : Starting with file '/data/oc/oc/dokumenter/work/2016-bernd_cramer//concordia_versicherung/20160826-concordia_versicherung-inf-krankenversicherung-versicherungsscheinnummer-30165519.pdf'.
I, [2016-10-14T21:28:38.272902 #14839]  INFO -- : Starting with file '/data/oc/oc/dokumenter/work/2016-bernd_cramer//20160903-daniel_roos-doc-_nachsendeauftrag_citipost_layout_1_bernd_cramer-citipost.pdf'.
I, [2016-10-14T21:28:38.565425 #14839]  INFO -- : Starting with file '/data/oc/oc/dokumenter/work/2016-bernd_cramer//20160830-rettungsdienst_ammerland_gmbh-rec-1601013732-notfallrettung-bernd.pdf'.
I, [2016-10-14T21:28:38.776952 #14839]  INFO -- : Starting with file '/data/oc/oc/dokumenter/work/2016-bernd_cramer//til_helseforsikring/20160829-ammerland_klinik_gmbh-rec-1432263-schlussrec-stationarer.pdf'.
I, [2016-10-14T21:28:39.030530 #14839]  INFO -- : Starting with file '/data/oc/oc/dokumenter/work/2016-bernd_cramer//til_helseforsikring/20160905-institut_fur_pathologie-rec-e06568016-untersuchung.pdf'.
I, [2016-10-14T21:28:39.265532 #14839]  INFO -- : Starting with file '/data/oc/oc/dokumenter/work/2016-bernd_cramer//til_helseforsikring/20160829-ammerland_klinik_gmbh-rec-1432265-selbstzahlerrec.pdf'.
I, [2016-10-14T21:28:39.526808 #14839]  INFO -- : Starting with file '/data/oc/oc/dokumenter/work/2016-bernd_cramer//ammerland_klinik_gmbh/20160829-ammerland_klinik_gmbh-rec-1432263-schlussrec-stationarer.pdf'.
I, [2016-10-14T21:28:39.807273 #14839]  INFO -- : Starting with file '/data/oc/oc/dokumenter/work/2016-bernd_cramer//ammerland_klinik_gmbh/20160808-ammerland_klinik_gmbh-doc-diagnose_bernd_cramer-multiinfarktsyndrom.pdf'.
I, [2016-10-14T21:28:40.083752 #14839]  INFO -- : Starting with file '/data/oc/oc/dokumenter/work/2016-bernd_cramer//ammerland_klinik_gmbh/20160829-ammerland_klinik_gmbh-rec-1432265-selbstzahlerrec.pdf'.
I, [2016-10-14T21:28:40.335678 #14839]  INFO -- : Starting with file '/data/oc/oc/dokumenter/work/2016-bernd_cramer//ammerland_klinik_gmbh/20160809-ammerland_klinik_gmbh-doc-bekreftelse_stationare_behandlung-bernd_cramer.pdf'.
I, [2016-10-14T21:28:40.627631 #14839]  INFO -- : Starting with file '/data/oc/oc/dokumenter/work/2016-bernd_cramer//oowv/20160829-oowv-rec-am90442985-abschlagsanderungsmitteilung.pdf'.
I, [2016-10-14T21:28:40.933949 #14839]  INFO -- : Starting with file '/data/oc/oc/dokumenter/work/2016-bernd_cramer//bernd_cramer/20081211-bernd_cramer-doc-regelung_kinderunterhalt-thorge-cramer.pdf'.
I, [2016-10-14T21:28:41.235098 #14839]  INFO -- : Starting with file '/data/oc/oc/dokumenter/work/2016-bernd_cramer//20160831-volksbank_westerstede_eg-doc-kontoauszug_bernd_cramer.pdf'.
I, [2016-10-14T21:28:41.476738 #14839]  INFO -- : Starting with file '/data/oc/oc/dokumenter/work/2016-bernd_cramer//Kundenspiegel_Bernd_Cramer.pdf'.
I, [2016-10-14T21:28:41.772856 #14839]  INFO -- : Starting with file '/data/oc/oc/dokumenter/work/2016-bernd_cramer//standesamt_bremen_mitte/19841227-standesamt_bremen_mitte-kdn-daniel_christoph_cramer.pdf'.
I, [2016-10-14T21:28:42.005197 #14839]  INFO -- : Starting with file '/data/oc/oc/dokumenter/work/2016-bernd_cramer//20160905-institut_fur_pathologie-rec-e06568016-untersuchung.pdf'.
I, [2016-10-14T21:28:42.253200 #14839]  INFO -- : Starting with file '/data/oc/oc/dokumenter/work/2016-bernd_cramer//concordia_krankenversicherungs_ag/20120727-concordia_krankenversicherungs_ag-doc-antrag_auszahlung_von_versicherungsleistungen-bernd-cramer.pdf'.
I, [2016-10-14T21:28:43.512272 #14839]  INFO -- : Starting with file '/data/oc/oc/dokumenter/work/2016-bernd_cramer//20160831-volksbank_westerstede_eg-doc-kontoauszug_bernd_cramer-einzeln.pdf'.
I, [2016-10-14T21:28:43.719352 #14839]  INFO -- : Starting with file '/data/oc/oc/dokumenter/work/2016-bernd_cramer//20160927-amtsgericht_westerstede-inf-eintragung_grundbuch-12456_4-am_maisfeld_5.pdf'.
I, [2016-10-14T21:28:43.926836 #14839]  INFO -- : Starting with file '/data/oc/oc/dokumenter/work/2016-bernd_cramer//daniel_roos/20160829-daniel_roos-rec-ewe-bernd_cramer-mathies_cramer.pdf'.
I, [2016-10-14T21:28:44.189034 #14839]  INFO -- : Starting with file '/data/oc/oc/dokumenter/work/2016-bernd_cramer//standesamt_westerstede/20160824-standesamt_westerstede-doc-sterbeurkunde-bernd_cramer.pdf'.
I, [2016-10-14T21:28:44.406947 #14839]  INFO -- : Starting with file '/data/oc/oc/dokumenter/work/2016-bernd_cramer//sort/20160301-dr_med_arnold_stohr_dr_med_wahju_widjaja-doc-mahnung_71068-bernd_cramer.pdf'.
I, [2016-10-14T21:28:44.629722 #14839]  INFO -- : Starting with file '/data/oc/oc/dokumenter/work/2016-bernd_cramer//sort/20160725-ewe_vertrieb_gmbh-inf-versorgungseinstellung-kdn70126040-versnummer_530303527501.pdf'.
I, [2016-10-14T21:28:44.845743 #14839]  INFO -- : Starting with file '/data/oc/oc/dokumenter/work/2016-bernd_cramer//sort/20160922-ewe_vertrieb_gmbh-inf-einzugsermachtigung-kdn78285254.pdf'.
I, [2016-10-14T21:28:45.108868 #14839]  INFO -- : Starting with file '/data/oc/oc/dokumenter/work/2016-bernd_cramer//sort/20160531-dr_med_arnold_stohr_dr_med_wahju_widjaja-rec-290716-bernd_cramer.pdf'.
I, [2016-10-14T21:28:45.412313 #14839]  INFO -- : Starting with file '/data/oc/oc/dokumenter/work/2016-bernd_cramer//sort/20160830-ewe_vertrieb_gmbh-inf-anderungsbestatigung-kdn70126040-versnummer_530303527510.pdf'.
I, [2016-10-14T21:28:45.749225 #14839]  INFO -- : Starting with file '/data/oc/oc/dokumenter/work/2016-bernd_cramer//sort/20160802-concordia_krankenversicherung_ag-doc-mahnung_301655190000-bernd_cramer.pdf'.
I, [2016-10-14T21:28:46.012850 #14839]  INFO -- : Starting with file '/data/oc/oc/dokumenter/work/2016-bernd_cramer//sort/20160725-otto_hugenduber_emmert-inf-wwk_allgemeine_versicherung_ag-bernd_cramer.pdf'.
I, [2016-10-14T21:28:46.275082 #14839]  INFO -- : Starting with file '/data/oc/oc/dokumenter/work/2016-bernd_cramer//sort/20100118-concordia_versicherungen-inf-lebenversicherung-versicherungsscheinnummer_812202710000.pdf'.
I, [2016-10-14T21:28:46.569046 #14839]  INFO -- : Starting with file '/data/oc/oc/dokumenter/work/2016-bernd_cramer//sort/20160503-dr_med_arnold_stohr_dr_med_wahju_widjaja-doc-mahnung_71068-bernd_cramer.pdf'.
I, [2016-10-14T21:28:46.897240 #14839]  INFO -- : Starting with file '/data/oc/oc/dokumenter/work/2016-bernd_cramer//sort/20160923-dr_med_hans_georg_runge-rec-19053-bernd_cramer.pdf'.
I, [2016-10-14T21:28:47.117309 #14839]  INFO -- : Starting with file '/data/oc/oc/dokumenter/work/2016-bernd_cramer//sort/20160519-dr_med_j_springub_w_schwarz-doc-mahnung_13557-bernd_cramer.pdf'.
I, [2016-10-14T21:28:47.368048 #14839]  INFO -- : Starting with file '/data/oc/oc/dokumenter/work/2016-bernd_cramer//sort/20151125-dr_med_arnold_stohr_dr_med_wahju_widjaja-rec-229715-bernd_cramer.pdf'.
I, [2016-10-14T21:28:47.649291 #14839]  INFO -- : Starting with file '/data/oc/oc/dokumenter/work/2016-bernd_cramer//sort/20160525-ambulantes_kardiologisches_zentrum-doc-diagnose_bernd_cramer-hans_georg_runge.pdf'.
I, [2016-10-14T21:28:48.005085 #14839]  INFO -- : Starting with file '/data/oc/oc/dokumenter/work/2016-bernd_cramer//sort/20160607-concordia_krankenversicherung_ag-inf-bernd_cramer-versicherungsscheinnummer_026500030165519.pdf'.
I, [2016-10-14T21:28:48.335402 #14839]  INFO -- : Starting with file '/data/oc/oc/dokumenter/work/2016-bernd_cramer//sort/20160929-oowv-doc-mahnung_134214825-kdn15120278.pdf'.
I, [2016-10-14T21:28:48.645138 #14839]  INFO -- : Starting with file '/data/oc/oc/dokumenter/work/2016-bernd_cramer//sort/ewe/img013.pdf'.
I, [2016-10-14T21:28:48.852269 #14839]  INFO -- : Starting with file '/data/oc/oc/dokumenter/work/2016-bernd_cramer//sort/ewe/img024.pdf'.
I, [2016-10-14T21:28:49.117108 #14839]  INFO -- : Starting with file '/data/oc/oc/dokumenter/work/2016-bernd_cramer//sort/ewe/img025.pdf'.
I, [2016-10-14T21:28:49.319818 #14839]  INFO -- : Starting with file '/data/oc/oc/dokumenter/work/2016-bernd_cramer//sort/ewe/img022.pdf'.
I, [2016-10-14T21:28:49.565561 #14839]  INFO -- : Starting with file '/data/oc/oc/dokumenter/work/2016-bernd_cramer//sort/ewe/img026.pdf'.
I, [2016-10-14T21:28:49.804486 #14839]  INFO -- : Starting with file '/data/oc/oc/dokumenter/work/2016-bernd_cramer//sort/ewe/seite_4_8.pdf'.
I, [2016-10-14T21:28:50.021679 #14839]  INFO -- : Starting with file '/data/oc/oc/dokumenter/work/2016-bernd_cramer//sort/ewe/seite_3_8.pdf'.
I, [2016-10-14T21:28:50.254941 #14839]  INFO -- : Starting with file '/data/oc/oc/dokumenter/work/2016-bernd_cramer//sort/ewe/img027.pdf'.
I, [2016-10-14T21:28:50.504198 #14839]  INFO -- : Starting with file '/data/oc/oc/dokumenter/work/2016-bernd_cramer//sort/20160915-oowv-rec-am90442985-kdn15120278-abschlagsrec.pdf'.
I, [2016-10-14T21:28:50.842407 #14839]  INFO -- : Starting with file '/data/oc/oc/dokumenter/work/2016-bernd_cramer//sort/20160404-dr_med_j_springub_w_schwarz-rec-13557-bernd_cramer.pdf'.
I, [2016-10-14T21:28:51.162550 #14839]  INFO -- : Starting with file '/data/oc/oc/dokumenter/work/2016-bernd_cramer//sort/20160504-concordia_krankenversicherung_ag-inf-pflegeversicherung-versicherungsscheinnummer_0260500030165519.pdf'.
I, [2016-10-14T21:28:51.419042 #14839]  INFO -- : Starting with file '/data/oc/oc/dokumenter/work/2016-bernd_cramer//sort/20160712-ewe_vertrieb_gmbh-doc-mahnung_strom-kdn70126040-versnummer_530303527501.pdf'.
I, [2016-10-14T21:28:51.640578 #14839]  INFO -- : Starting with file '/data/oc/oc/dokumenter/work/2016-bernd_cramer//sort/20160518-ambulantes_kardiologisches_zentrum-doc-diagnose_bernd_cramer.pdf'.
I, [2016-10-14T21:28:51.902186 #14839]  INFO -- : Starting with file '/data/oc/oc/dokumenter/work/2016-bernd_cramer//sort/20160812-ewe_tel_gmbh-doc-kundigung_telefon-kdn4643042700.pdf'.
I, [2016-10-14T21:28:52.110912 #14839]  INFO -- : Starting with file '/data/oc/oc/dokumenter/work/2016-bernd_cramer//sort/20160629-oowv-rec-vr65568324-kdn15120278.pdf'.
I, [2016-10-14T21:28:52.467323 #14839]  INFO -- : Starting with file '/data/oc/oc/dokumenter/work/2016-bernd_cramer//sort/20160830-ewe_tel_gmbh-inf-onlinerechnung-kdn4643062700.pdf'.
I, [2016-10-14T21:28:52.772499 #14839]  INFO -- : Starting with file '/data/oc/oc/dokumenter/work/2016-bernd_cramer//sort/20160913-ewe_vertrieb_gmbh-rec-539393527501-kdn70126040.pdf'.
I, [2016-10-14T21:28:53.148981 #14839]  INFO -- : Starting with file '/data/oc/oc/dokumenter/work/2016-bernd_cramer//sort/20160616-oowc-doc-mahnung_134214825-kdn15120278.pdf'.
I, [2016-10-14T21:28:53.420241 #14839]  INFO -- : Starting with file '/data/oc/oc/dokumenter/work/2016-bernd_cramer//sort/20160327-die_pvs_oldenburg-rec-0602996416281-bernd_cramer.pdf'.
I, [2016-10-14T21:28:53.739408 #14839]  INFO -- : Starting with file '/data/oc/oc/dokumenter/work/2016-bernd_cramer//sort/20160815-ewe_vertrieb_gmbh-inf-versorgungseinstellung-kdn70126040-versnummer_530303527501.pdf'.
I, [2016-10-14T21:28:53.985125 #14839]  INFO -- : Starting with file '/data/oc/oc/dokumenter/work/2016-bernd_cramer//sort/20160817-die_pvs_oldenburg-doc-mahnung_0602996416281-bernd_cramer-dr_med_joachim_springub.pdf'.
I, [2016-10-14T21:28:54.217309 #14839]  INFO -- : Starting with file '/data/oc/oc/dokumenter/work/2016-bernd_cramer//sort/20160916-rae_collmann_stuke-inf-eigentumsumschreibung-20333s16n.pdf'.
I, [2016-10-14T21:28:54.453992 #14839]  INFO -- : Starting with file '/data/oc/oc/dokumenter/work/2016-bernd_cramer//sort/20160912-mobilcom_debitel_gmbh-rec-p16032563362-bernd_cramer-handy.pdf'.
I, [2016-10-14T21:28:54.704563 #14839]  INFO -- : Starting with file '/data/oc/oc/dokumenter/work/2016-bernd_cramer//sort/20160614-concordia_krankenversicherung_ag-doc-mahnung_30165519001-bernd_cramer.pdf'.
I, [2016-10-14T21:28:54.946607 #14839]  INFO -- : Starting with file '/data/oc/oc/dokumenter/work/2016-bernd_cramer//sort/20160819-bernd_cramer-doc-Uberweisungsbeleg_ewe.pdf'.
I, [2016-10-14T21:28:55.178854 #14839]  INFO -- : Starting with file '/data/oc/oc/dokumenter/work/2016-bernd_cramer//sort/20160322-concordia_krankenversicherung_ag-inf-pflegeversicherung-0260500030165519.pdf'.
I, [2016-10-14T21:28:55.420380 #14839]  INFO -- : Starting with file '/data/oc/oc/dokumenter/work/2016-bernd_cramer//sort/wwk/img000 (6).pdf'.
I, [2016-10-14T21:28:55.638327 #14839]  INFO -- : Starting with file '/data/oc/oc/dokumenter/work/2016-bernd_cramer//sort/wwk/img000 (1).pdf'.
I, [2016-10-14T21:28:55.870923 #14839]  INFO -- : Starting with file '/data/oc/oc/dokumenter/work/2016-bernd_cramer//sort/wwk/20160923-wwk_allgemeine_versicherung_ag-doc-versicherungsschein_53084312-am_maisfeld_5-mathies_cramer_incomplete.pdf'.
I, [2016-10-14T21:28:56.150986 #14839]  INFO -- : Starting with file '/data/oc/oc/dokumenter/work/2016-bernd_cramer//sort/wwk/side2.pdf'.
I, [2016-10-14T21:28:56.372758 #14839]  INFO -- : Starting with file '/data/oc/oc/dokumenter/work/2016-bernd_cramer//sort/wwk/side3.pdf'.
I, [2016-10-14T21:28:56.698676 #14839]  INFO -- : Starting with file '/data/oc/oc/dokumenter/work/2016-bernd_cramer//sort/wwk/20160824-wwk_kompakt_versicherung-inf-pramie-versicherungsnummer_50952706.pdf'.
I, [2016-10-14T21:28:57.028863 #14839]  INFO -- : Starting with file '/data/oc/oc/dokumenter/work/2016-bernd_cramer//sort/wwk/20160811-wwk_allgemeine_versicherung_ag-inf-5313217-kennzeichen.pdf'.
I, [2016-10-14T21:28:57.308741 #14839]  INFO -- : Starting with file '/data/oc/oc/dokumenter/work/2016-bernd_cramer//sort/wwk/img000 (4).pdf'.
I, [2016-10-14T21:28:57.516670 #14839]  INFO -- : Starting with file '/data/oc/oc/dokumenter/work/2016-bernd_cramer//sort/wwk/img022.pdf'.
I, [2016-10-14T21:28:57.788694 #14839]  INFO -- : Starting with file '/data/oc/oc/dokumenter/work/2016-bernd_cramer//sort/wwk/img000 (2).pdf'.
I, [2016-10-14T21:28:58.035968 #14839]  INFO -- : Starting with file '/data/oc/oc/dokumenter/work/2016-bernd_cramer//sort/wwk/side5.pdf'.
I, [2016-10-14T21:28:58.247953 #14839]  INFO -- : Starting with file '/data/oc/oc/dokumenter/work/2016-bernd_cramer//sort/wwk/img000 (5).pdf'.
I, [2016-10-14T21:28:58.455383 #14839]  INFO -- : Starting with file '/data/oc/oc/dokumenter/work/2016-bernd_cramer//sort/wwk/20160823-wwk_kompakt_versicherung-inf-pramie-versicherungsnummer_50952705.pdf'.
I, [2016-10-14T21:28:58.684751 #14839]  INFO -- : Starting with file '/data/oc/oc/dokumenter/work/2016-bernd_cramer//sort/wwk/20160802-wwk_allgemeine_versicherung_ag-inf-53084312-wohngebaudeversicherung.pdf'.
I, [2016-10-14T21:28:58.989947 #14839]  INFO -- : Starting with file '/data/oc/oc/dokumenter/work/2016-bernd_cramer//sort/wwk/20160809-wwk_allgemeine_versicherung_ag-doc-inforamtion_juliane_ackermann-versicherungsbestatigung.pdf'.
I, [2016-10-14T21:28:59.215402 #14839]  INFO -- : Starting with file '/data/oc/oc/dokumenter/work/2016-bernd_cramer//sort/wwk/20160812-wwk_allgemeine_versicherung_ag-inf-57261149-privathaftpflicht.pdf'.
I, [2016-10-14T21:28:59.479758 #14839]  INFO -- : Starting with file '/data/oc/oc/dokumenter/work/2016-bernd_cramer//sort/wwk/side1.pdf'.
I, [2016-10-14T21:28:59.687661 #14839]  INFO -- : Starting with file '/data/oc/oc/dokumenter/work/2016-bernd_cramer//sort/wwk/img019.pdf'.
I, [2016-10-14T21:28:59.888958 #14839]  INFO -- : Starting with file '/data/oc/oc/dokumenter/work/2016-bernd_cramer//sort/wwk/side4.pdf'.
I, [2016-10-14T21:29:00.213394 #14839]  INFO -- : Starting with file '/data/oc/oc/dokumenter/work/2016-bernd_cramer//sort/wwk/img000 (3).pdf'.
I, [2016-10-14T21:29:00.413984 #14839]  INFO -- : Starting with file '/data/oc/oc/dokumenter/work/2016-bernd_cramer//sort/wwk/side6.pdf'.
I, [2016-10-14T21:29:00.606963 #14839]  INFO -- : Starting with file '/data/oc/oc/dokumenter/work/2016-bernd_cramer//sort/wwk/img021.pdf'.
I, [2016-10-14T21:29:00.804629 #14839]  INFO -- : Starting with file '/data/oc/oc/dokumenter/work/2016-bernd_cramer//sort/wwk/img020.pdf'.
I, [2016-10-14T21:29:01.003285 #14839]  INFO -- : Starting with file '/data/oc/oc/dokumenter/work/2016-bernd_cramer//wwk/20160902-wwk-rec-53084312-bd_bremen-gebaudeversicherung.pdf'.
I, [2016-10-14T21:29:01.219732 #14839]  INFO -- : Starting with file '/data/oc/oc/dokumenter/work/2016-bernd_cramer//20160908-daniel_roos-doc-bestatigung_erbschein-bernd_cramer-signed.pdf'.
I, [2016-10-14T21:29:01.427323 #14839]  INFO -- : Starting with file '/data/oc/oc/dokumenter/work/2016-bernd_cramer//amtsgericht_westerstede/20160927-amtsgericht_westerstede-rec-23300-kostenrechung-erbschein.pdf'.
I, [2016-10-14T21:29:01.689691 #14839]  INFO -- : Starting with file '/data/oc/oc/dokumenter/work/2016-bernd_cramer//amtsgericht_westerstede/20160914-amtsgericht_westerstede-doc-erbschein_bernd_cramer-31vi143616.pdf'.
I, [2016-10-14T21:29:02.017054 #14839]  INFO -- : Starting with file '/data/oc/oc/dokumenter/work/2016-bernd_cramer//amtsgericht_westerstede/20160914-amtsgericht_westerstede-inf-erbschein.pdf'.
I, [2016-10-14T21:29:02.256853 #14839]  INFO -- : Starting with file '/data/oc/oc/dokumenter/work/2016-bernd_cramer//amtsgericht_westerstede/20160914-amtsgericht_westerstede-inf-erbschein-bernd_cramer-geschaftsnummer_nzs31vi143616.pdf'.
I, [2016-10-14T21:29:30.942122 #15565]  INFO -- : Starting with file '/data/oc/oc/dokumenter/work/2016-bernd_cramer//concordia_service_buro/20120116-concordia_service_buro-doc-bekreftelse_dokumenter.pdf'.
I, [2016-10-14T21:29:31.196126 #15565]  INFO -- : Starting with file '/data/oc/oc/dokumenter/work/2016-bernd_cramer//20160902-wwk-rec-57261149-privathaftpflichtversicherung.pdf'.
I, [2016-10-14T21:29:31.406884 #15565]  INFO -- : Starting with file '/data/oc/oc/dokumenter/work/2016-bernd_cramer//20160829-roos_daniel-anschreiben_ewe.pdf'.
I, [2016-10-14T21:29:31.606698 #15565]  INFO -- : Starting with file '/data/oc/oc/dokumenter/work/2016-bernd_cramer//20160901-landessparkasse_zu_oldenburg-inf-kontoauzuge-bernd-cramer.pdf'.
I, [2016-10-14T21:29:31.840714 #15565]  INFO -- : Starting with file '/data/oc/oc/dokumenter/work/2016-bernd_cramer//volksbank_westerstede_eg/20150115-volksbank_westerstede_eg-avt-online_banking-bernd-cramer.pdf'.
I, [2016-10-14T21:29:32.093884 #15565]  INFO -- : Starting with file '/data/oc/oc/dokumenter/work/2016-bernd_cramer//volksbank_westerstede_eg/20160921-volksbank_westerstede_eg-doc-kontoauszug_12135501-bernd_cramer.pdf'.
I, [2016-10-14T21:29:32.354162 #15565]  INFO -- : Starting with file '/data/oc/oc/dokumenter/work/2016-bernd_cramer//volksbank_westerstede_eg/20160919-volksbank_westerstede_eg-inf-geschaftsguthaben-bernd_cramer-mitgliedsnummer_3667.pdf'.
I, [2016-10-14T21:29:32.575826 #15565]  INFO -- : Starting with file '/data/oc/oc/dokumenter/work/2016-bernd_cramer//volksbank_westerstede_eg/20160810-volksbank_westerstede_eg-inf-wohngebaudeversicherung-versicherungsnummer_53084312.pdf'.
I, [2016-10-14T21:29:32.785211 #15565]  INFO -- : Starting with file '/data/oc/oc/dokumenter/work/2016-bernd_cramer//fachubergreifende_gemeinschaftspraxis_dr_med_j_springub_w_schwarz/20160229-fachubergreifende_gemeinschaftspraxis_dr_med_j_springub_w_schwarz-rec-13456-bernd-cramer.pdf'.
I, [2016-10-14T21:29:32.996111 #15565]  INFO -- : Starting with file '/data/oc/oc/dokumenter/work/2016-bernd_cramer//fachubergreifende_gemeinschaftspraxis_dr_med_j_springub_w_schwarz/20160201-fachubergreifende_gemeinschaftspraxis_dr_med_j_springub_w_schwarz-rec-13352-bernd_cramer.pdf'.
I, [2016-10-14T21:29:33.213077 #15565]  INFO -- : Starting with file '/data/oc/oc/dokumenter/work/2016-bernd_cramer//concordia_versicherung/20160826-concordia_versicherung-inf-krankenversicherung-versicherungsscheinnummer-30165519.pdf'.
I, [2016-10-14T21:29:33.423060 #15565]  INFO -- : Starting with file '/data/oc/oc/dokumenter/work/2016-bernd_cramer//20160903-daniel_roos-doc-_nachsendeauftrag_citipost_layout_1_bernd_cramer-citipost.pdf'.
I, [2016-10-14T21:29:33.681019 #15565]  INFO -- : Starting with file '/data/oc/oc/dokumenter/work/2016-bernd_cramer//20160830-rettungsdienst_ammerland_gmbh-rec-1601013732-notfallrettung-bernd.pdf'.
I, [2016-10-14T21:29:33.905180 #15565]  INFO -- : Starting with file '/data/oc/oc/dokumenter/work/2016-bernd_cramer//til_helseforsikring/20160829-ammerland_klinik_gmbh-rec-1432263-schlussrec-stationarer.pdf'.
I, [2016-10-14T21:29:34.147822 #15565]  INFO -- : Starting with file '/data/oc/oc/dokumenter/work/2016-bernd_cramer//til_helseforsikring/20160905-institut_fur_pathologie-rec-e06568016-untersuchung.pdf'.
I, [2016-10-14T21:29:34.370261 #15565]  INFO -- : Starting with file '/data/oc/oc/dokumenter/work/2016-bernd_cramer//til_helseforsikring/20160829-ammerland_klinik_gmbh-rec-1432265-selbstzahlerrec.pdf'.
I, [2016-10-14T21:29:34.616169 #15565]  INFO -- : Starting with file '/data/oc/oc/dokumenter/work/2016-bernd_cramer//ammerland_klinik_gmbh/20160829-ammerland_klinik_gmbh-rec-1432263-schlussrec-stationarer.pdf'.
I, [2016-10-14T21:29:34.875285 #15565]  INFO -- : Starting with file '/data/oc/oc/dokumenter/work/2016-bernd_cramer//ammerland_klinik_gmbh/20160808-ammerland_klinik_gmbh-doc-diagnose_bernd_cramer-multiinfarktsyndrom.pdf'.
I, [2016-10-14T21:29:35.132592 #15565]  INFO -- : Starting with file '/data/oc/oc/dokumenter/work/2016-bernd_cramer//ammerland_klinik_gmbh/20160829-ammerland_klinik_gmbh-rec-1432265-selbstzahlerrec.pdf'.
I, [2016-10-14T21:29:35.348699 #15565]  INFO -- : Starting with file '/data/oc/oc/dokumenter/work/2016-bernd_cramer//ammerland_klinik_gmbh/20160809-ammerland_klinik_gmbh-doc-bekreftelse_stationare_behandlung-bernd_cramer.pdf'.
I, [2016-10-14T21:29:35.601311 #15565]  INFO -- : Starting with file '/data/oc/oc/dokumenter/work/2016-bernd_cramer//oowv/20160829-oowv-rec-am90442985-abschlagsanderungsmitteilung.pdf'.
I, [2016-10-14T21:29:35.835335 #15565]  INFO -- : Starting with file '/data/oc/oc/dokumenter/work/2016-bernd_cramer//bernd_cramer/20081211-bernd_cramer-doc-regelung_kinderunterhalt-thorge-cramer.pdf'.
I, [2016-10-14T21:29:36.081012 #15565]  INFO -- : Starting with file '/data/oc/oc/dokumenter/work/2016-bernd_cramer//20160831-volksbank_westerstede_eg-doc-kontoauszug_bernd_cramer.pdf'.
I, [2016-10-14T21:29:36.292925 #15565]  INFO -- : Starting with file '/data/oc/oc/dokumenter/work/2016-bernd_cramer//Kundenspiegel_Bernd_Cramer.pdf'.
I, [2016-10-14T21:29:36.533703 #15565]  INFO -- : Starting with file '/data/oc/oc/dokumenter/work/2016-bernd_cramer//standesamt_bremen_mitte/19841227-standesamt_bremen_mitte-kdn-daniel_christoph_cramer.pdf'.
I, [2016-10-14T21:29:36.744164 #15565]  INFO -- : Starting with file '/data/oc/oc/dokumenter/work/2016-bernd_cramer//20160905-institut_fur_pathologie-rec-e06568016-untersuchung.pdf'.
I, [2016-10-14T21:29:36.959555 #15565]  INFO -- : Starting with file '/data/oc/oc/dokumenter/work/2016-bernd_cramer//concordia_krankenversicherungs_ag/20120727-concordia_krankenversicherungs_ag-doc-antrag_auszahlung_von_versicherungsleistungen-bernd-cramer.pdf'.
I, [2016-10-14T21:29:38.264874 #15565]  INFO -- : Starting with file '/data/oc/oc/dokumenter/work/2016-bernd_cramer//20160831-volksbank_westerstede_eg-doc-kontoauszug_bernd_cramer-einzeln.pdf'.
I, [2016-10-14T21:29:38.475492 #15565]  INFO -- : Starting with file '/data/oc/oc/dokumenter/work/2016-bernd_cramer//20160927-amtsgericht_westerstede-inf-eintragung_grundbuch-12456_4-am_maisfeld_5.pdf'.
I, [2016-10-14T21:29:38.691051 #15565]  INFO -- : Starting with file '/data/oc/oc/dokumenter/work/2016-bernd_cramer//daniel_roos/20160829-daniel_roos-rec-ewe-bernd_cramer-mathies_cramer.pdf'.
I, [2016-10-14T21:29:38.899468 #15565]  INFO -- : Starting with file '/data/oc/oc/dokumenter/work/2016-bernd_cramer//standesamt_westerstede/20160824-standesamt_westerstede-doc-sterbeurkunde-bernd_cramer.pdf'.
I, [2016-10-14T21:29:39.107385 #15565]  INFO -- : Starting with file '/data/oc/oc/dokumenter/work/2016-bernd_cramer//sort/20160301-dr_med_arnold_stohr_dr_med_wahju_widjaja-doc-mahnung_71068-bernd_cramer.pdf'.
I, [2016-10-14T21:29:39.393912 #15565]  INFO -- : Starting with file '/data/oc/oc/dokumenter/work/2016-bernd_cramer//sort/20160725-ewe_vertrieb_gmbh-inf-versorgungseinstellung-kdn70126040-versnummer_530303527501.pdf'.
I, [2016-10-14T21:29:39.639763 #15565]  INFO -- : Starting with file '/data/oc/oc/dokumenter/work/2016-bernd_cramer//sort/20160922-ewe_vertrieb_gmbh-inf-einzugsermachtigung-kdn78285254.pdf'.
I, [2016-10-14T21:29:39.906654 #15565]  INFO -- : Starting with file '/data/oc/oc/dokumenter/work/2016-bernd_cramer//sort/20160531-dr_med_arnold_stohr_dr_med_wahju_widjaja-rec-290716-bernd_cramer.pdf'.
I, [2016-10-14T21:29:40.155330 #15565]  INFO -- : Starting with file '/data/oc/oc/dokumenter/work/2016-bernd_cramer//sort/20160830-ewe_vertrieb_gmbh-inf-anderungsbestatigung-kdn70126040-versnummer_530303527510.pdf'.
I, [2016-10-14T21:29:40.460699 #15565]  INFO -- : Starting with file '/data/oc/oc/dokumenter/work/2016-bernd_cramer//sort/20160802-concordia_krankenversicherung_ag-doc-mahnung_301655190000-bernd_cramer.pdf'.
I, [2016-10-14T21:29:40.668350 #15565]  INFO -- : Starting with file '/data/oc/oc/dokumenter/work/2016-bernd_cramer//sort/20160725-otto_hugenduber_emmert-inf-wwk_allgemeine_versicherung_ag-bernd_cramer.pdf'.
I, [2016-10-14T21:29:40.979608 #15565]  INFO -- : Starting with file '/data/oc/oc/dokumenter/work/2016-bernd_cramer//sort/20100118-concordia_versicherungen-inf-lebenversicherung-versicherungsscheinnummer_812202710000.pdf'.
I, [2016-10-14T21:29:41.254273 #15565]  INFO -- : Starting with file '/data/oc/oc/dokumenter/work/2016-bernd_cramer//sort/20160503-dr_med_arnold_stohr_dr_med_wahju_widjaja-doc-mahnung_71068-bernd_cramer.pdf'.
I, [2016-10-14T21:29:41.504439 #15565]  INFO -- : Starting with file '/data/oc/oc/dokumenter/work/2016-bernd_cramer//sort/20160923-dr_med_hans_georg_runge-rec-19053-bernd_cramer.pdf'.
I, [2016-10-14T21:29:41.758553 #15565]  INFO -- : Starting with file '/data/oc/oc/dokumenter/work/2016-bernd_cramer//sort/20160519-dr_med_j_springub_w_schwarz-doc-mahnung_13557-bernd_cramer.pdf'.
I, [2016-10-14T21:29:42.046207 #15565]  INFO -- : Starting with file '/data/oc/oc/dokumenter/work/2016-bernd_cramer//sort/20151125-dr_med_arnold_stohr_dr_med_wahju_widjaja-rec-229715-bernd_cramer.pdf'.
I, [2016-10-14T21:29:42.361291 #15565]  INFO -- : Starting with file '/data/oc/oc/dokumenter/work/2016-bernd_cramer//sort/20160525-ambulantes_kardiologisches_zentrum-doc-diagnose_bernd_cramer-hans_georg_runge.pdf'.
I, [2016-10-14T21:29:42.606863 #15565]  INFO -- : Starting with file '/data/oc/oc/dokumenter/work/2016-bernd_cramer//sort/20160607-concordia_krankenversicherung_ag-inf-bernd_cramer-versicherungsscheinnummer_026500030165519.pdf'.
I, [2016-10-14T21:29:42.871784 #15565]  INFO -- : Starting with file '/data/oc/oc/dokumenter/work/2016-bernd_cramer//sort/20160929-oowv-doc-mahnung_134214825-kdn15120278.pdf'.
I, [2016-10-14T21:29:43.161849 #15565]  INFO -- : Starting with file '/data/oc/oc/dokumenter/work/2016-bernd_cramer//sort/ewe/img013.pdf'.
I, [2016-10-14T21:29:43.403903 #15565]  INFO -- : Starting with file '/data/oc/oc/dokumenter/work/2016-bernd_cramer//sort/ewe/img024.pdf'.
I, [2016-10-14T21:29:43.670597 #15565]  INFO -- : Starting with file '/data/oc/oc/dokumenter/work/2016-bernd_cramer//sort/ewe/img025.pdf'.
I, [2016-10-14T21:29:43.870171 #15565]  INFO -- : Starting with file '/data/oc/oc/dokumenter/work/2016-bernd_cramer//sort/ewe/img022.pdf'.
I, [2016-10-14T21:29:44.094967 #15565]  INFO -- : Starting with file '/data/oc/oc/dokumenter/work/2016-bernd_cramer//sort/ewe/img026.pdf'.
I, [2016-10-14T21:29:44.327147 #15565]  INFO -- : Starting with file '/data/oc/oc/dokumenter/work/2016-bernd_cramer//sort/ewe/seite_4_8.pdf'.
I, [2016-10-14T21:29:44.533640 #15565]  INFO -- : Starting with file '/data/oc/oc/dokumenter/work/2016-bernd_cramer//sort/ewe/seite_3_8.pdf'.
I, [2016-10-14T21:29:44.754162 #15565]  INFO -- : Starting with file '/data/oc/oc/dokumenter/work/2016-bernd_cramer//sort/ewe/img027.pdf'.
I, [2016-10-14T21:29:44.969842 #15565]  INFO -- : Starting with file '/data/oc/oc/dokumenter/work/2016-bernd_cramer//sort/20160915-oowv-rec-am90442985-kdn15120278-abschlagsrec.pdf'.
I, [2016-10-14T21:29:45.220691 #15565]  INFO -- : Starting with file '/data/oc/oc/dokumenter/work/2016-bernd_cramer//sort/20160404-dr_med_j_springub_w_schwarz-rec-13557-bernd_cramer.pdf'.
I, [2016-10-14T21:29:45.501153 #15565]  INFO -- : Starting with file '/data/oc/oc/dokumenter/work/2016-bernd_cramer//sort/20160504-concordia_krankenversicherung_ag-inf-pflegeversicherung-versicherungsscheinnummer_0260500030165519.pdf'.
I, [2016-10-14T21:29:45.795749 #15565]  INFO -- : Starting with file '/data/oc/oc/dokumenter/work/2016-bernd_cramer//sort/20160712-ewe_vertrieb_gmbh-doc-mahnung_strom-kdn70126040-versnummer_530303527501.pdf'.
I, [2016-10-14T21:29:46.008579 #15565]  INFO -- : Starting with file '/data/oc/oc/dokumenter/work/2016-bernd_cramer//sort/20160518-ambulantes_kardiologisches_zentrum-doc-diagnose_bernd_cramer.pdf'.
I, [2016-10-14T21:29:46.290318 #15565]  INFO -- : Starting with file '/data/oc/oc/dokumenter/work/2016-bernd_cramer//sort/20160812-ewe_tel_gmbh-doc-kundigung_telefon-kdn4643042700.pdf'.
I, [2016-10-14T21:29:46.522346 #15565]  INFO -- : Starting with file '/data/oc/oc/dokumenter/work/2016-bernd_cramer//sort/20160629-oowv-rec-vr65568324-kdn15120278.pdf'.
I, [2016-10-14T21:29:46.802086 #15565]  INFO -- : Starting with file '/data/oc/oc/dokumenter/work/2016-bernd_cramer//sort/20160830-ewe_tel_gmbh-inf-onlinerechnung-kdn4643062700.pdf'.
I, [2016-10-14T21:29:47.093707 #15565]  INFO -- : Starting with file '/data/oc/oc/dokumenter/work/2016-bernd_cramer//sort/20160913-ewe_vertrieb_gmbh-rec-539393527501-kdn70126040.pdf'.
I, [2016-10-14T21:29:47.381542 #15565]  INFO -- : Starting with file '/data/oc/oc/dokumenter/work/2016-bernd_cramer//sort/20160616-oowc-doc-mahnung_134214825-kdn15120278.pdf'.
I, [2016-10-14T21:29:47.605480 #15565]  INFO -- : Starting with file '/data/oc/oc/dokumenter/work/2016-bernd_cramer//sort/20160327-die_pvs_oldenburg-rec-0602996416281-bernd_cramer.pdf'.
I, [2016-10-14T21:29:47.940494 #15565]  INFO -- : Starting with file '/data/oc/oc/dokumenter/work/2016-bernd_cramer//sort/20160815-ewe_vertrieb_gmbh-inf-versorgungseinstellung-kdn70126040-versnummer_530303527501.pdf'.
I, [2016-10-14T21:29:48.183878 #15565]  INFO -- : Starting with file '/data/oc/oc/dokumenter/work/2016-bernd_cramer//sort/20160817-die_pvs_oldenburg-doc-mahnung_0602996416281-bernd_cramer-dr_med_joachim_springub.pdf'.
I, [2016-10-14T21:29:48.434377 #15565]  INFO -- : Starting with file '/data/oc/oc/dokumenter/work/2016-bernd_cramer//sort/20160916-rae_collmann_stuke-inf-eigentumsumschreibung-20333s16n.pdf'.
I, [2016-10-14T21:29:48.670182 #15565]  INFO -- : Starting with file '/data/oc/oc/dokumenter/work/2016-bernd_cramer//sort/20160912-mobilcom_debitel_gmbh-rec-p16032563362-bernd_cramer-handy.pdf'.
I, [2016-10-14T21:29:48.903560 #15565]  INFO -- : Starting with file '/data/oc/oc/dokumenter/work/2016-bernd_cramer//sort/20160614-concordia_krankenversicherung_ag-doc-mahnung_30165519001-bernd_cramer.pdf'.
I, [2016-10-14T21:29:49.123624 #15565]  INFO -- : Starting with file '/data/oc/oc/dokumenter/work/2016-bernd_cramer//sort/20160819-bernd_cramer-doc-Uberweisungsbeleg_ewe.pdf'.
I, [2016-10-14T21:29:49.340842 #15565]  INFO -- : Starting with file '/data/oc/oc/dokumenter/work/2016-bernd_cramer//sort/20160322-concordia_krankenversicherung_ag-inf-pflegeversicherung-0260500030165519.pdf'.
I, [2016-10-14T21:29:49.558125 #15565]  INFO -- : Starting with file '/data/oc/oc/dokumenter/work/2016-bernd_cramer//sort/wwk/img000 (6).pdf'.
I, [2016-10-14T21:29:49.782774 #15565]  INFO -- : Starting with file '/data/oc/oc/dokumenter/work/2016-bernd_cramer//sort/wwk/img000 (1).pdf'.
I, [2016-10-14T21:29:50.006144 #15565]  INFO -- : Starting with file '/data/oc/oc/dokumenter/work/2016-bernd_cramer//sort/wwk/20160923-wwk_allgemeine_versicherung_ag-doc-versicherungsschein_53084312-am_maisfeld_5-mathies_cramer_incomplete.pdf'.
I, [2016-10-14T21:29:50.276110 #15565]  INFO -- : Starting with file '/data/oc/oc/dokumenter/work/2016-bernd_cramer//sort/wwk/side2.pdf'.
I, [2016-10-14T21:29:50.508257 #15565]  INFO -- : Starting with file '/data/oc/oc/dokumenter/work/2016-bernd_cramer//sort/wwk/side3.pdf'.
I, [2016-10-14T21:29:50.741847 #15565]  INFO -- : Starting with file '/data/oc/oc/dokumenter/work/2016-bernd_cramer//sort/wwk/20160824-wwk_kompakt_versicherung-inf-pramie-versicherungsnummer_50952706.pdf'.
I, [2016-10-14T21:29:50.976004 #15565]  INFO -- : Starting with file '/data/oc/oc/dokumenter/work/2016-bernd_cramer//sort/wwk/20160811-wwk_allgemeine_versicherung_ag-inf-5313217-kennzeichen.pdf'.
I, [2016-10-14T21:29:51.214349 #15565]  INFO -- : Starting with file '/data/oc/oc/dokumenter/work/2016-bernd_cramer//sort/wwk/img000 (4).pdf'.
I, [2016-10-14T21:29:51.425447 #15565]  INFO -- : Starting with file '/data/oc/oc/dokumenter/work/2016-bernd_cramer//sort/wwk/img022.pdf'.
I, [2016-10-14T21:29:51.638011 #15565]  INFO -- : Starting with file '/data/oc/oc/dokumenter/work/2016-bernd_cramer//sort/wwk/img000 (2).pdf'.
I, [2016-10-14T21:29:51.845009 #15565]  INFO -- : Starting with file '/data/oc/oc/dokumenter/work/2016-bernd_cramer//sort/wwk/side5.pdf'.
I, [2016-10-14T21:29:52.048122 #15565]  INFO -- : Starting with file '/data/oc/oc/dokumenter/work/2016-bernd_cramer//sort/wwk/img000 (5).pdf'.
I, [2016-10-14T21:29:52.278105 #15565]  INFO -- : Starting with file '/data/oc/oc/dokumenter/work/2016-bernd_cramer//sort/wwk/20160823-wwk_kompakt_versicherung-inf-pramie-versicherungsnummer_50952705.pdf'.
I, [2016-10-14T21:29:52.525936 #15565]  INFO -- : Starting with file '/data/oc/oc/dokumenter/work/2016-bernd_cramer//sort/wwk/20160802-wwk_allgemeine_versicherung_ag-inf-53084312-wohngebaudeversicherung.pdf'.
I, [2016-10-14T21:29:52.773249 #15565]  INFO -- : Starting with file '/data/oc/oc/dokumenter/work/2016-bernd_cramer//sort/wwk/20160809-wwk_allgemeine_versicherung_ag-doc-inforamtion_juliane_ackermann-versicherungsbestatigung.pdf'.
I, [2016-10-14T21:29:52.982955 #15565]  INFO -- : Starting with file '/data/oc/oc/dokumenter/work/2016-bernd_cramer//sort/wwk/20160812-wwk_allgemeine_versicherung_ag-inf-57261149-privathaftpflicht.pdf'.
I, [2016-10-14T21:29:53.284687 #15565]  INFO -- : Starting with file '/data/oc/oc/dokumenter/work/2016-bernd_cramer//sort/wwk/side1.pdf'.
I, [2016-10-14T21:29:53.500772 #15565]  INFO -- : Starting with file '/data/oc/oc/dokumenter/work/2016-bernd_cramer//sort/wwk/img019.pdf'.
I, [2016-10-14T21:29:53.694898 #15565]  INFO -- : Starting with file '/data/oc/oc/dokumenter/work/2016-bernd_cramer//sort/wwk/side4.pdf'.
I, [2016-10-14T21:29:53.931241 #15565]  INFO -- : Starting with file '/data/oc/oc/dokumenter/work/2016-bernd_cramer//sort/wwk/img000 (3).pdf'.
I, [2016-10-14T21:29:54.131814 #15565]  INFO -- : Starting with file '/data/oc/oc/dokumenter/work/2016-bernd_cramer//sort/wwk/side6.pdf'.
I, [2016-10-14T21:29:54.380462 #15565]  INFO -- : Starting with file '/data/oc/oc/dokumenter/work/2016-bernd_cramer//sort/wwk/img021.pdf'.
I, [2016-10-14T21:29:54.583836 #15565]  INFO -- : Starting with file '/data/oc/oc/dokumenter/work/2016-bernd_cramer//sort/wwk/img020.pdf'.
I, [2016-10-14T21:29:54.806677 #15565]  INFO -- : Starting with file '/data/oc/oc/dokumenter/work/2016-bernd_cramer//wwk/20160902-wwk-rec-53084312-bd_bremen-gebaudeversicherung.pdf'.
I, [2016-10-14T21:29:55.025939 #15565]  INFO -- : Starting with file '/data/oc/oc/dokumenter/work/2016-bernd_cramer//20160908-daniel_roos-doc-bestatigung_erbschein-bernd_cramer-signed.pdf'.
I, [2016-10-14T21:29:55.248932 #15565]  INFO -- : Starting with file '/data/oc/oc/dokumenter/work/2016-bernd_cramer//amtsgericht_westerstede/20160927-amtsgericht_westerstede-rec-23300-kostenrechung-erbschein.pdf'.
I, [2016-10-14T21:29:55.497144 #15565]  INFO -- : Starting with file '/data/oc/oc/dokumenter/work/2016-bernd_cramer//amtsgericht_westerstede/20160914-amtsgericht_westerstede-doc-erbschein_bernd_cramer-31vi143616.pdf'.
I, [2016-10-14T21:29:55.728705 #15565]  INFO -- : Starting with file '/data/oc/oc/dokumenter/work/2016-bernd_cramer//amtsgericht_westerstede/20160914-amtsgericht_westerstede-inf-erbschein.pdf'.
I, [2016-10-14T21:29:55.936317 #15565]  INFO -- : Starting with file '/data/oc/oc/dokumenter/work/2016-bernd_cramer//amtsgericht_westerstede/20160914-amtsgericht_westerstede-inf-erbschein-bernd_cramer-geschaftsnummer_nzs31vi143616.pdf'.
